<?xml version="1.0" encoding="UTF-8"?>
<!-- Generated by org.testng.reporters.JUnitReportReporter -->
<testsuite hostname="LSTKMY230386" failures="0" tests="12" name="com.ianarvizu.testing.Tests" time="86.662" errors="0" timestamp="25 Sep 2021 21:17:53 GMT" skipped="0">
  <testcase classname="com.ianarvizu.testing.Tests" name="AddRemoveElements" time="17.054"/>
  <testcase classname="com.ianarvizu.testing.Tests" name="AddRemoveElements" time="20.498"/>
  <testcase classname="com.ianarvizu.testing.Tests" name="ContextMenu" time="6.351"/>
  <testcase classname="com.ianarvizu.testing.Tests" name="ContextMenu" time="5.494"/>
  <testcase classname="com.ianarvizu.testing.Tests" name="DisappearingElements" time="1.452"/>
  <testcase classname="com.ianarvizu.testing.Tests" name="DisappearingElements" time="9.803"/>
  <testcase classname="com.ianarvizu.testing.Tests" name="FileDownload" time="5.366"/>
  <testcase classname="com.ianarvizu.testing.Tests" name="FileDownload" time="10.583"/>
  <testcase classname="com.ianarvizu.testing.Tests" name="FileUpload" time="3.876"/>
  <testcase classname="com.ianarvizu.testing.Tests" name="FileUpload" time="3.851"/>
  <testcase classname="com.ianarvizu.testing.Tests" name="JavaScriptAlerts" time="0.719"/>
  <testcase classname="com.ianarvizu.testing.Tests" name="JavaScriptAlerts" time="1.615"/>
</testsuite> <!-- com.ianarvizu.testing.Tests -->
